[20:04:23] [main/INFO]: Loading Minecraft 1.21.1 with Fabric Loader 0.16.12
[20:04:23] [main/INFO]: Loading 4 mods:
	- fabricloader 0.16.12
	   \-- mixinextras 0.4.1
	- java 21
	- minecraft 1.21.1
[20:04:23] [main/INFO]: SpongePowered MIXIN Subsystem Version=0.8.7 Source=file:/workspaces/COBBLEMON/servidor_minecraft/libraries/net/fabricmc/sponge-mixin/0.15.4+mixin.0.8.7/sponge-mixin-0.15.4+mixin.0.8.7.jar Service=Knot/Fabric Env=SERVER
[20:04:29] [main/INFO]: Environment: Environment[sessionHost=https://sessionserver.mojang.com, servicesHost=https://api.minecraftservices.com, name=PROD]
[20:04:30] [main/INFO]: No existing world data, creating new world
[20:04:31] [main/INFO]: Loaded 1290 recipes
[20:04:31] [main/INFO]: Loaded 1399 advancements
[20:04:32] [Server thread/INFO]: Starting minecraft server version 1.21.1
[20:04:32] [Server thread/INFO]: Loading properties
[20:04:32] [Server thread/INFO]: Default game type: SURVIVAL
[20:04:32] [Server thread/INFO]: Generating keypair
[20:04:32] [Server thread/INFO]: Starting Minecraft server on *:25565
[20:04:32] [Server thread/INFO]: Using epoll channel type
[20:04:32] [Server thread/WARN]: **** SERVER IS RUNNING IN OFFLINE/INSECURE MODE!
[20:04:32] [Server thread/WARN]: The server will make no attempt to authenticate usernames. Beware.
[20:04:32] [Server thread/WARN]: While this makes the game possible to play without internet access, it also opens up the ability for hackers to connect with any username they choose.
[20:04:32] [Server thread/WARN]: To change this, set "online-mode" to "true" in the server.properties file.
[20:04:32] [Server thread/INFO]: Preparing level "world"
[20:04:38] [Server thread/INFO]: Preparing start region for dimension minecraft:overworld
[20:04:38] [Worker-Main-3/INFO]: Preparing spawn area: 2%
[20:04:39] [Worker-Main-1/INFO]: Preparing spawn area: 2%
[20:04:39] [Worker-Main-2/INFO]: Preparing spawn area: 2%
[20:04:40] [Worker-Main-3/INFO]: Preparing spawn area: 4%
[20:04:40] [Worker-Main-1/INFO]: Preparing spawn area: 18%
[20:04:41] [Worker-Main-2/INFO]: Preparing spawn area: 18%
[20:04:41] [Worker-Main-1/INFO]: Preparing spawn area: 26%
[20:04:42] [Worker-Main-3/INFO]: Preparing spawn area: 51%
[20:04:42] [Worker-Main-1/INFO]: Preparing spawn area: 51%
[20:04:43] [Server thread/INFO]: Time elapsed: 4409 ms
[20:04:43] [Server thread/INFO]: Done (10.565s)! For help, type "help"
